C:\Users\ervin.GARMCO\OneDrive\Ervin Laptop Documents\MyProjects\CEAApp\CEAApp.Web\wwwroot\js\ManageEquipmentNo.js
C:\Users\ervin.GARMCO\OneDrive\Ervin Laptop Documents\MyProjects\CEAApp\CEAApp.Web\wwwroot\js\ManageEquipmentNo.js.map
C:\Users\ervin.GARMCO\OneDrive\Ervin Laptop Documents\MyProjects\CEAApp\CEAApp.Web\wwwroot\js\RequisitionAdmin.js
C:\Users\ervin.GARMCO\OneDrive\Ervin Laptop Documents\MyProjects\CEAApp\CEAApp.Web\wwwroot\js\RequisitionAdmin.js.map
C:\Users\ervin.GARMCO\OneDrive\Ervin Laptop Documents\MyProjects\CEAApp\CEAApp.Web\wwwroot\js\UploadProject.js
C:\Users\ervin.GARMCO\OneDrive\Ervin Laptop Documents\MyProjects\CEAApp\CEAApp.Web\wwwroot\js\UploadProject.js.map
C:\Users\ervin.GARMCO\OneDrive\Ervin Laptop Documents\MyProjects\CEAApp\CEAApp.Web\wwwroot\js\app.js
C:\Users\ervin.GARMCO\OneDrive\Ervin Laptop Documents\MyProjects\CEAApp\CEAApp.Web\wwwroot\js\app.js.map
C:\Users\ervin.GARMCO\OneDrive\Ervin Laptop Documents\MyProjects\CEAApp\CEAApp.Web\wwwroot\js\ceaRequest.js
C:\Users\ervin.GARMCO\OneDrive\Ervin Laptop Documents\MyProjects\CEAApp\CEAApp.Web\wwwroot\js\ceaRequest.js.map
C:\Users\ervin.GARMCO\OneDrive\Ervin Laptop Documents\MyProjects\CEAApp\CEAApp.Web\wwwroot\js\common.js
C:\Users\ervin.GARMCO\OneDrive\Ervin Laptop Documents\MyProjects\CEAApp\CEAApp.Web\wwwroot\js\common.js.map
C:\Users\ervin.GARMCO\OneDrive\Ervin Laptop Documents\MyProjects\CEAApp\CEAApp.Web\wwwroot\js\empLookup.js
C:\Users\ervin.GARMCO\OneDrive\Ervin Laptop Documents\MyProjects\CEAApp\CEAApp.Web\wwwroot\js\empLookup.js.map
C:\Users\ervin.GARMCO\OneDrive\Ervin Laptop Documents\MyProjects\CEAApp\CEAApp.Web\wwwroot\js\expenseDetail.js
C:\Users\ervin.GARMCO\OneDrive\Ervin Laptop Documents\MyProjects\CEAApp\CEAApp.Web\wwwroot\js\expenseDetail.js.map
C:\Users\ervin.GARMCO\OneDrive\Ervin Laptop Documents\MyProjects\CEAApp\CEAApp.Web\wwwroot\js\projectDetail.js
C:\Users\ervin.GARMCO\OneDrive\Ervin Laptop Documents\MyProjects\CEAApp\CEAApp.Web\wwwroot\js\projectDetail.js.map
C:\Users\ervin.GARMCO\OneDrive\Ervin Laptop Documents\MyProjects\CEAApp\CEAApp.Web\wwwroot\js\projectInquiry.js
C:\Users\ervin.GARMCO\OneDrive\Ervin Laptop Documents\MyProjects\CEAApp\CEAApp.Web\wwwroot\js\projectInquiry.js.map
C:\Users\ervin.GARMCO\OneDrive\Ervin Laptop Documents\MyProjects\CEAApp\CEAApp.Web\wwwroot\js\reassignment.js
C:\Users\ervin.GARMCO\OneDrive\Ervin Laptop Documents\MyProjects\CEAApp\CEAApp.Web\wwwroot\js\reassignment.js.map
C:\Users\ervin.GARMCO\OneDrive\Ervin Laptop Documents\MyProjects\CEAApp\CEAApp.Web\wwwroot\js\requisitionInquiry.js
C:\Users\ervin.GARMCO\OneDrive\Ervin Laptop Documents\MyProjects\CEAApp\CEAApp.Web\wwwroot\js\requisitionInquiry.js.map
C:\Users\ervin.GARMCO\OneDrive\Ervin Laptop Documents\MyProjects\CEAApp\CEAApp.Web\wwwroot\js\requisitionStatus.js
C:\Users\ervin.GARMCO\OneDrive\Ervin Laptop Documents\MyProjects\CEAApp\CEAApp.Web\wwwroot\js\requisitionStatus.js.map
C:\Users\ervin.GARMCO\OneDrive\Ervin Laptop Documents\MyProjects\CEAApp\CEAApp.Web\wwwroot\js\securityHandler.js
C:\Users\ervin.GARMCO\OneDrive\Ervin Laptop Documents\MyProjects\CEAApp\CEAApp.Web\wwwroot\js\securityHandler.js.map
